<?xml version="1.0" encoding="UTF-8"?>
<!-- Generated by org.testng.reporters.JUnitReportReporter -->
<testsuite skipped="0" hostname="LAPTOP-RISIA25B" name="com.crm.qa.testcases.HomePageTest" tests="2" failures="0" timestamp="08 Mar 2022 13:59:51 GMT" time="142.017" errors="0">
  <testcase name="verifyContactLinkTest" time="78.056" classname="com.crm.qa.testcases.HomePageTest"/>
  <testcase name="verifyTitleTest" time="63.961" classname="com.crm.qa.testcases.HomePageTest"/>
</testsuite> <!-- com.crm.qa.testcases.HomePageTest -->
