<?xml version="1.0" encoding="UTF-8"?>
<!-- Generated by org.testng.reporters.JUnitReportReporter -->
<testsuite skipped="0" hostname="LAPTOP-RISIA25B" name="com.crm.qa.testcases.LoginPageTest" tests="2" failures="0" timestamp="07 Mar 2022 09:52:22 GMT" time="47.708" errors="0">
  <testcase name="LoginPageTitleTest" time="12.346" classname="com.crm.qa.testcases.LoginPageTest"/>
  <testcase name="loginTest" time="35.362" classname="com.crm.qa.testcases.LoginPageTest"/>
</testsuite> <!-- com.crm.qa.testcases.LoginPageTest -->
